<?xml version="1.0" encoding="utf-8"?><testsuites><testsuite name="pytest" errors="0" failures="0" skipped="0" tests="5" time="0.388" timestamp="2023-06-26T13:01:57.981090" hostname="sofist-764"><testcase classname="test_bytebank.TestClass" name="test_quando_idade_recebe_13_03_2000_deve_retornar_23" time="0.128" /><testcase classname="test_bytebank.TestClass" name="test_quando_nome_Victor_Hugo_Silva_deve_retornar_Silva" time="0.009" /><testcase classname="test_bytebank.TestClass" name="test_quando_decrescimo_salario_recebe_100000_deve_retornar_90000" time="0.007" /><testcase classname="test_bytebank.TestClass" name="test_quando_calcular_bonus_recebe_1000_deve_retornar_100" time="0.007" /><testcase classname="test_bytebank.TestClass" name="test_quando_calcular_bonus_recebe_1000000_deve_retornar_Exception" time="0.008" /></testsuite></testsuites>